2016-02-28 19:21:15 [scrapy] INFO: Scrapy 1.0.5 started (bot: tianya)
2016-02-28 19:21:15 [scrapy] INFO: Optional features available: ssl, http11
2016-02-28 19:21:15 [scrapy] INFO: Overridden settings: {'NEWSPIDER_MODULE': 'tianya.spiders', 'FEED_URI': 'file:///C:/Users/LY/PycharmProjects/tianya/items/tianya/tianya_spider/5fed3370de0d11e5b2a50c8bfd4c4f2c.jl', 'CONCURRENT_REQUESTS': 32, 'SPIDER_MODULES': ['tianya.spiders'], 'BOT_NAME': 'tianya', 'LOG_FILE': 'logs\\tianya\\tianya_spider\\5fed3370de0d11e5b2a50c8bfd4c4f2c.log'}
2016-02-28 19:21:16 [scrapy] INFO: Enabled extensions: CloseSpider, FeedExporter, TelnetConsole, LogStats, CoreStats, SpiderState
2016-02-28 19:21:16 [scrapy] INFO: Enabled downloader middlewares: HttpAuthMiddleware, DownloadTimeoutMiddleware, UserAgentMiddleware, RetryMiddleware, DefaultHeadersMiddleware, MetaRefreshMiddleware, HttpCompressionMiddleware, RedirectMiddleware, CookiesMiddleware, ChunkedTransferMiddleware, DownloaderStats
2016-02-28 19:21:16 [scrapy] INFO: Enabled spider middlewares: HttpErrorMiddleware, OffsiteMiddleware, MyCustomSpiderMiddleware, RefererMiddleware, UrlLengthMiddleware, DepthMiddleware
2016-02-28 19:21:16 [scrapy] INFO: Enabled item pipelines: TianyaPipeline
2016-02-28 19:21:16 [scrapy] INFO: Spider opened
2016-02-28 19:21:16 [scrapy] INFO: Crawled 0 pages (at 0 pages/min), scraped 0 items (at 0 items/min)
2016-02-28 19:21:16 [scrapy] DEBUG: Telnet console listening on 127.0.0.1:6023
2016-02-28 19:21:16 [scrapy] DEBUG: Crawled (200) <GET http://bbs.tianya.cn/list-333-1.shtml> (referer: None)
2016-02-28 19:21:16 [scrapy] DEBUG: Scraped from <200 http://bbs.tianya.cn/list-333-1.shtml>
{'author': [], 'backdate': [], 'backtime': [], 'clicktime': [], 'title': []}
2016-02-28 19:21:16 [tianya_spider] INFO: 已经到头了!
2016-02-28 19:21:16 [scrapy] ERROR: Error processing {'author': [u'wanghuiphys'],
 'backdate': [u'02-28 19:21'],
 'backtime': [u'1'],
 'clicktime': [u'1'],
 'title': u'\u8521\u82f1\u6587\u5144\u662f\u6d69\u9f0e\u80a1\u6771 \u7fc1\u555f\u60e0\uff1a\u500b\u4eba\u7406\u8ca1\uff0c\u52ff\u904e\u5ea6\u806f\u60f3(\u8f6c\u8f7d)'}
Traceback (most recent call last):
  File "C:\Python27\lib\site-packages\twisted\internet\defer.py", line 588, in _runCallbacks
    current.result = callback(current.result, *args, **kw)
  File "build\bdist.win-amd64\egg\tianya\pipelines.py", line 23, in process_item
UnicodeEncodeError: 'ascii' codec can't encode characters in position 0-8: ordinal not in range(128)
2016-02-28 19:21:16 [tianya_spider] INFO: 已经到头了!
2016-02-28 19:21:16 [scrapy] ERROR: Error processing {'author': [u'\u5b64\u5c71\u8001\u59962012'],
 'backdate': [u'02-28 19:20'],
 'backtime': [u'23'],
 'clicktime': [u'465'],
 'title': u'\u5730\u644a\u5996\u8c08\u8c08\u4efb\u5927\u70ae\u5173\u5fae\u535a\u4e8b\u4ef6'}
Traceback (most recent call last):
  File "C:\Python27\lib\site-packages\twisted\internet\defer.py", line 588, in _runCallbacks
    current.result = callback(current.result, *args, **kw)
  File "build\bdist.win-amd64\egg\tianya\pipelines.py", line 23, in process_item
UnicodeEncodeError: 'ascii' codec can't encode characters in position 0-12: ordinal not in range(128)
2016-02-28 19:21:16 [tianya_spider] INFO: 已经到头了!
2016-02-28 19:21:16 [scrapy] ERROR: Error processing {'author': [u'\u4e66\u9662\u5c0f\u5e08\u53d4'],
 'backdate': [u'02-28 19:20'],
 'backtime': [u'9'],
 'clicktime': [u'170'],
 'title': u'\u4eba\u5927\u70ae\u88ab\u5c01\u5929\u7ecf\u5730\u4e49\u7684\u7406\u7531'}
Traceback (most recent call last):
  File "C:\Python27\lib\site-packages\twisted\internet\defer.py", line 588, in _runCallbacks
    current.result = callback(current.result, *args, **kw)
  File "build\bdist.win-amd64\egg\tianya\pipelines.py", line 23, in process_item
UnicodeEncodeError: 'ascii' codec can't encode characters in position 0-11: ordinal not in range(128)
2016-02-28 19:21:16 [tianya_spider] INFO: 已经到头了!
2016-02-28 19:21:16 [scrapy] ERROR: Error processing {'author': [u'\u4e91\u6e38\u6563\u4ebaa'],
 'backdate': [u'02-28 19:20'],
 'backtime': [u'8'],
 'clicktime': [u'141'],
 'title': u'\u8336\u53f6\u86cb'}
Traceback (most recent call last):
  File "C:\Python27\lib\site-packages\twisted\internet\defer.py", line 588, in _runCallbacks
    current.result = callback(current.result, *args, **kw)
  File "build\bdist.win-amd64\egg\tianya\pipelines.py", line 23, in process_item
UnicodeEncodeError: 'ascii' codec can't encode characters in position 0-2: ordinal not in range(128)
2016-02-28 19:21:16 [tianya_spider] INFO: 已经到头了!
2016-02-28 19:21:16 [scrapy] ERROR: Error processing {'author': [u'\u65b0\u7af9\u5c0f\u9a37\u5a18'],
 'backdate': [u'02-28 19:20'],
 'backtime': [u'2'],
 'clicktime': [u'2'],
 'title': u'\u563f\u563f!\u91d1\u8001\u5e2b\u4f86\u6559\u5927\u5bb6\u600e\u9ebc\u5c0d\u4ed8\u5c0f\u82f1!!!'}
Traceback (most recent call last):
  File "C:\Python27\lib\site-packages\twisted\internet\defer.py", line 588, in _runCallbacks
    current.result = callback(current.result, *args, **kw)
  File "build\bdist.win-amd64\egg\tianya\pipelines.py", line 23, in process_item
UnicodeEncodeError: 'ascii' codec can't encode characters in position 0-1: ordinal not in range(128)
2016-02-28 19:21:16 [tianya_spider] INFO: 已经到头了!
2016-02-28 19:21:16 [scrapy] ERROR: Error processing {'author': [u'\u6cd5\u660e\u5357\u534e'],
 'backdate': [u'02-28 19:20'],
 'backtime': [u'21'],
 'clicktime': [u'1109'],
 'title': u'\u521a\u521a\u770b\u5230\u4e00\u4e2a\u8001\u5916\u968f\u5730\u4e22\u70df\u5934'}
Traceback (most recent call last):
  File "C:\Python27\lib\site-packages\twisted\internet\defer.py", line 588, in _runCallbacks
    current.result = callback(current.result, *args, **kw)
  File "build\bdist.win-amd64\egg\tianya\pipelines.py", line 23, in process_item
UnicodeEncodeError: 'ascii' codec can't encode characters in position 0-12: ordinal not in range(128)
2016-02-28 19:21:16 [tianya_spider] INFO: 已经到头了!
2016-02-28 19:21:16 [scrapy] DEBUG: Scraped from <200 http://bbs.tianya.cn/list-333-1.shtml>
{'author': [u'\u7f85\u8cab\u4e2d'],
 'backdate': [u'02-28 19:20'],
 'backtime': [u'641'],
 'clicktime': [u'14737'],
 'title': u''}
2016-02-28 19:21:16 [tianya_spider] INFO: 已经到头了!
2016-02-28 19:21:16 [scrapy] ERROR: Error processing {'author': [u'LIUCINEMA'],
 'backdate': [u'02-28 19:20'],
 'backtime': [u'1155'],
 'clicktime': [u'41234'],
 'title': u'\u611b\u6211\u9752\u5929\u6717\u6717\u7684\u5927\u4e2d\u83ef(\u8f6c\u8f7d)'}
Traceback (most recent call last):
  File "C:\Python27\lib\site-packages\twisted\internet\defer.py", line 588, in _runCallbacks
    current.result = callback(current.result, *args, **kw)
  File "build\bdist.win-amd64\egg\tianya\pipelines.py", line 23, in process_item
UnicodeEncodeError: 'ascii' codec can't encode characters in position 0-9: ordinal not in range(128)
2016-02-28 19:21:16 [tianya_spider] INFO: 已经到头了!
2016-02-28 19:21:16 [scrapy] ERROR: Error processing {'author': [u'\u7b52\u5b50\u54e5'],
 'backdate': [u'02-28 19:20'],
 'backtime': [u'73'],
 'clicktime': [u'1356'],
 'title': u'\u53c8\u5230\u4e00\u5e74228\uff0c\u53f0\u7063\u5404\u8655\u7684\u8523\u7e3d\u88c1\u5011\uff0c\u4f60\u5011\u53ef\u5b89\u597d\u554a~ \u5657\u55e4~'}
Traceback (most recent call last):
  File "C:\Python27\lib\site-packages\twisted\internet\defer.py", line 588, in _runCallbacks
    current.result = callback(current.result, *args, **kw)
  File "build\bdist.win-amd64\egg\tianya\pipelines.py", line 23, in process_item
UnicodeEncodeError: 'ascii' codec can't encode characters in position 0-3: ordinal not in range(128)
2016-02-28 19:21:16 [tianya_spider] INFO: 已经到头了!
2016-02-28 19:21:16 [scrapy] ERROR: Error processing {'author': [u'u_99986140'],
 'backdate': [u'02-28 19:20'],
 'backtime': [u'15'],
 'clicktime': [u'2349'],
 'title': u'\u6e23\u6d6a\u8fd9\u6b21\u600e\u4e48\u4e86\uff01\u628a\u5b59\u6d77\u82f1\u590d\u5f00\u5f97\u5c0f\u53f7\u4e5f\u7ed9\u5c4f\u853d\u4e86\uff01\u4e4b\u524d\u4e5f\u6ca1\u8fd9\u4e48\u52e4\u5feb\uff01'}
Traceback (most recent call last):
  File "C:\Python27\lib\site-packages\twisted\internet\defer.py", line 588, in _runCallbacks
    current.result = callback(current.result, *args, **kw)
  File "build\bdist.win-amd64\egg\tianya\pipelines.py", line 23, in process_item
UnicodeEncodeError: 'ascii' codec can't encode characters in position 0-31: ordinal not in range(128)
2016-02-28 19:21:16 [tianya_spider] INFO: 已经到头了!
2016-02-28 19:21:16 [scrapy] ERROR: Error processing {'author': [u'0\u5e7b0\u52510'],
 'backdate': [u'02-28 19:20'],
 'backtime': [u'74'],
 'clicktime': [u'838'],
 'title': u'\u5173\u4e8e\u201c\u515a\u5a92\u59d3\u515a\u201d\u7684\u6df1\u5ea6\u89e3\u8bfb'}
Traceback (most recent call last):
  File "C:\Python27\lib\site-packages\twisted\internet\defer.py", line 588, in _runCallbacks
    current.result = callback(current.result, *args, **kw)
  File "build\bdist.win-amd64\egg\tianya\pipelines.py", line 23, in process_item
UnicodeEncodeError: 'ascii' codec can't encode characters in position 0-12: ordinal not in range(128)
2016-02-28 19:21:16 [tianya_spider] INFO: 已经到头了!
2016-02-28 19:21:16 [scrapy] ERROR: Error processing {'author': [u'\u7a0b\u5e8f\u5316\u4ea4\u6613E'],
 'backdate': [u'02-28 19:20'],
 'backtime': [u'74'],
 'clicktime': [u'1248'],
 'title': u'\u58ec\u5fd7\u6f12\u8a00\u8ad6\u5f88\u5e73\u5e38\u554a, \u70ba\u4f55\u4e0d\u898b\u5bb9\u65bc\u7576\u5c40?'}
Traceback (most recent call last):
  File "C:\Python27\lib\site-packages\twisted\internet\defer.py", line 588, in _runCallbacks
    current.result = callback(current.result, *args, **kw)
  File "build\bdist.win-amd64\egg\tianya\pipelines.py", line 23, in process_item
UnicodeEncodeError: 'ascii' codec can't encode characters in position 0-8: ordinal not in range(128)
2016-02-28 19:21:16 [tianya_spider] INFO: 已经到头了!
2016-02-28 19:21:16 [scrapy] ERROR: Error processing {'author': [u'\u5927\u6c14\u4e2d\u56fd'],
 'backdate': [u'02-28 19:20'],
 'backtime': [u'94'],
 'clicktime': [u'9789'],
 'title': u'\u4e00\u4e2a\u7f8e\u56fd\u4eba\u5728YouTube \u7559\u8a00\uff1a\u62dc\u6258\u7528\u7b80\u4f53\u5b57\u5b57\u5e55\u597d\u5417\uff1f\u7e41\u4f53\u5b57\u592atm\u96be\u4e86\uff01'}
Traceback (most recent call last):
  File "C:\Python27\lib\site-packages\twisted\internet\defer.py", line 588, in _runCallbacks
    current.result = callback(current.result, *args, **kw)
  File "build\bdist.win-amd64\egg\tianya\pipelines.py", line 23, in process_item
UnicodeEncodeError: 'ascii' codec can't encode characters in position 0-5: ordinal not in range(128)
2016-02-28 19:21:16 [tianya_spider] INFO: 已经到头了!
2016-02-28 19:21:16 [scrapy] ERROR: Error processing {'author': [u'\u842c\u83ef\u8857\u53cb'],
 'backdate': [u'02-28 19:20'],
 'backtime': [u'140'],
 'clicktime': [u'1554'],
 'title': u'\u6211\u5224\u65b7 @mytimeXway \u81f3\u5c11\u670960\u6b72!'}
Traceback (most recent call last):
  File "C:\Python27\lib\site-packages\twisted\internet\defer.py", line 588, in _runCallbacks
    current.result = callback(current.result, *args, **kw)
  File "build\bdist.win-amd64\egg\tianya\pipelines.py", line 23, in process_item
UnicodeEncodeError: 'ascii' codec can't encode characters in position 0-2: ordinal not in range(128)
2016-02-28 19:21:16 [tianya_spider] INFO: 已经到头了!
2016-02-28 19:21:16 [scrapy] ERROR: Error processing {'author': [u'Twiz122'],
 'backdate': [u'02-28 19:19'],
 'backtime': [u'521'],
 'clicktime': [u'14982'],
 'title': u'\u8aaa\u8aaa\u81fa\u7063\u5e74\u8f15\u4eba\u70ba\u4ec0\u9ebc\u8b8a\u6210\u300c\u5929\u7136\u7368\u300d'}
Traceback (most recent call last):
  File "C:\Python27\lib\site-packages\twisted\internet\defer.py", line 588, in _runCallbacks
    current.result = callback(current.result, *args, **kw)
  File "build\bdist.win-amd64\egg\tianya\pipelines.py", line 23, in process_item
UnicodeEncodeError: 'ascii' codec can't encode characters in position 0-16: ordinal not in range(128)
2016-02-28 19:21:16 [tianya_spider] INFO: 已经到头了!
2016-02-28 19:21:16 [scrapy] ERROR: Error processing {'author': [u'520\u96ea\u5c71\u98de\u72d02010'],
 'backdate': [u'02-28 19:19'],
 'backtime': [u'184'],
 'clicktime': [u'1815'],
 'title': u'\u8c08\u4e00\u8c08\uff0c\u6211\u5bf9\u5c0f\u672c\u751f\u610f\u7684\u770b\u6cd5\uff01'}
Traceback (most recent call last):
  File "C:\Python27\lib\site-packages\twisted\internet\defer.py", line 588, in _runCallbacks
    current.result = callback(current.result, *args, **kw)
  File "build\bdist.win-amd64\egg\tianya\pipelines.py", line 23, in process_item
UnicodeEncodeError: 'ascii' codec can't encode characters in position 0-13: ordinal not in range(128)
2016-02-28 19:21:16 [tianya_spider] INFO: 已经到头了!
2016-02-28 19:21:16 [scrapy] ERROR: Error processing {'author': [u'\u60f3\u8d77\u4f60\u751c\u751c\u7684\u7b11'],
 'backdate': [u'02-28 19:19'],
 'backtime': [u'27'],
 'clicktime': [u'603'],
 'title': u'\u53bb\u770b\u6d77\u597d\uff5e\u4e0d\uff5e\u597d\u2026\u2026\u2026\u2026'}
Traceback (most recent call last):
  File "C:\Python27\lib\site-packages\twisted\internet\defer.py", line 588, in _runCallbacks
    current.result = callback(current.result, *args, **kw)
  File "build\bdist.win-amd64\egg\tianya\pipelines.py", line 23, in process_item
UnicodeEncodeError: 'ascii' codec can't encode characters in position 0-11: ordinal not in range(128)
2016-02-28 19:21:16 [tianya_spider] INFO: 已经到头了!
2016-02-28 19:21:16 [scrapy] ERROR: Error processing {'author': [u'dzh423'],
 'backdate': [u'02-28 19:19'],
 'backtime': [u'3'],
 'clicktime': [u'128'],
 'title': u'\u53f0\u6e05\u5927\u6559\u6388\u5f6d\u660e\u8f1d\uff0f\u5931\u53bb\u771f\u76f8\u7684\u53f0\u7063\u53f2(\u8f6c\u8f7d)'}
Traceback (most recent call last):
  File "C:\Python27\lib\site-packages\twisted\internet\defer.py", line 588, in _runCallbacks
    current.result = callback(current.result, *args, **kw)
  File "build\bdist.win-amd64\egg\tianya\pipelines.py", line 23, in process_item
UnicodeEncodeError: 'ascii' codec can't encode characters in position 0-16: ordinal not in range(128)
2016-02-28 19:21:16 [tianya_spider] INFO: 已经到头了!
2016-02-28 19:21:16 [scrapy] ERROR: Error processing {'author': [u'Peter8723'],
 'backdate': [u'02-28 19:19'],
 'backtime': [u'8'],
 'clicktime': [u'72'],
 'title': u'\u5fae\u535a\u5927V\u88ab\u5c01\uff0c\u663e\u793a\u4e2d\u56fd\u8a00\u8bba\u81ea\u7531\u60c5\u51b5\u6076\u5316\u3002'}
Traceback (most recent call last):
  File "C:\Python27\lib\site-packages\twisted\internet\defer.py", line 588, in _runCallbacks
    current.result = callback(current.result, *args, **kw)
  File "build\bdist.win-amd64\egg\tianya\pipelines.py", line 23, in process_item
UnicodeEncodeError: 'ascii' codec can't encode characters in position 0-2: ordinal not in range(128)
2016-02-28 19:21:16 [tianya_spider] INFO: 已经到头了!
2016-02-28 19:21:16 [scrapy] ERROR: Error processing {'author': [u'\u67e5\u4e09\u70ae'],
 'backdate': [u'02-28 19:19'],
 'backtime': [u'160'],
 'clicktime': [u'9135'],
 'title': u'\u3010\u73af\u7403\u65f6\u62a5\u3011\uff1a\u5b59\u6d77\u82f1\u2192\u5b59\u795e\u68cd\u3001\u6210\u7f8e\u201c\u6273\u5012\u4e2d\u56fd\u201d\u7684\u7b2c\u4e09\u79cd\u6b66\u5668!\u3001\u3001\u3001\u3001(\u8f6c\u8f7d)'}
Traceback (most recent call last):
  File "C:\Python27\lib\site-packages\twisted\internet\defer.py", line 588, in _runCallbacks
    current.result = callback(current.result, *args, **kw)
  File "build\bdist.win-amd64\egg\tianya\pipelines.py", line 23, in process_item
UnicodeEncodeError: 'ascii' codec can't encode characters in position 0-28: ordinal not in range(128)
2016-02-28 19:21:16 [tianya_spider] INFO: 已经到头了!
2016-02-28 19:21:16 [scrapy] ERROR: Error processing {'author': [u'\u8f69\u8f95\u6000\u7389'],
 'backdate': [u'02-28 19:19'],
 'backtime': [u'44'],
 'clicktime': [u'2210'],
 'title': u'\u4efb\u5fd7\u5f3a\u5fae\u535a\u4e5f\u88ab\u5173\u4e86\uff01'}
Traceback (most recent call last):
  File "C:\Python27\lib\site-packages\twisted\internet\defer.py", line 588, in _runCallbacks
    current.result = callback(current.result, *args, **kw)
  File "build\bdist.win-amd64\egg\tianya\pipelines.py", line 23, in process_item
UnicodeEncodeError: 'ascii' codec can't encode characters in position 0-9: ordinal not in range(128)
2016-02-28 19:21:16 [tianya_spider] INFO: 已经到头了!
2016-02-28 19:21:16 [scrapy] ERROR: Error processing {'author': [u'\u4e91\u6e38\u6563\u4ebaa'],
 'backdate': [u'02-28 19:19'],
 'backtime': [u'4'],
 'clicktime': [u'717'],
 'title': u'2016.2\u53f0\u7063\u5b78\u8005\u5c0d\u6c11\u9032\u9ee8\u53ca\u8521\u82f1\u6587\u7684\u6700\u65b0\u5b9a\u8abf'}
Traceback (most recent call last):
  File "C:\Python27\lib\site-packages\twisted\internet\defer.py", line 588, in _runCallbacks
    current.result = callback(current.result, *args, **kw)
  File "build\bdist.win-amd64\egg\tianya\pipelines.py", line 23, in process_item
UnicodeEncodeError: 'ascii' codec can't encode characters in position 6-22: ordinal not in range(128)
2016-02-28 19:21:16 [tianya_spider] INFO: 已经到头了!
2016-02-28 19:21:16 [scrapy] ERROR: Error processing {'author': [u'\u53f0\u72ec\u514b\u661f'],
 'backdate': [u'02-28 19:19'],
 'backtime': [u'110'],
 'clicktime': [u'5157'],
 'title': u'\u592e\u89c6\u7f51\u52a0\u5165\u5bf9\u4efb\u5fd7\u5f3a\u7684\u6279\u8bc4\uff08\u8fd9\u662f\u8a00\u8bba\u81ea\u7531\u7684\u8303\u7574\u5417\uff09'}
Traceback (most recent call last):
  File "C:\Python27\lib\site-packages\twisted\internet\defer.py", line 588, in _runCallbacks
    current.result = callback(current.result, *args, **kw)
  File "build\bdist.win-amd64\egg\tianya\pipelines.py", line 23, in process_item
UnicodeEncodeError: 'ascii' codec can't encode characters in position 0-23: ordinal not in range(128)
2016-02-28 19:21:16 [tianya_spider] INFO: 已经到头了!
2016-02-28 19:21:16 [scrapy] ERROR: Error processing {'author': [u'\u592a\u6781\u4e09\u6c34'],
 'backdate': [u'02-28 19:18'],
 'backtime': [u'11'],
 'clicktime': [u'433'],
 'title': u'\u5b59\u6d77\u82f1\u53ca\u5176\u4ed6\u8457\u540d\u516c\u77e5\u4e94\u767e\u591a\u5fae\u535a\u8d26\u53f7\u88ab\u5c01\uff0c\u54c8\u54c8\uff0c\u65e9\u8be5\u5982\u6b64\uff01'}
Traceback (most recent call last):
  File "C:\Python27\lib\site-packages\twisted\internet\defer.py", line 588, in _runCallbacks
    current.result = callback(current.result, *args, **kw)
  File "build\bdist.win-amd64\egg\tianya\pipelines.py", line 23, in process_item
UnicodeEncodeError: 'ascii' codec can't encode characters in position 0-27: ordinal not in range(128)
2016-02-28 19:21:16 [tianya_spider] INFO: 已经到头了!
2016-02-28 19:21:16 [scrapy] ERROR: Error processing {'author': [u'\u98a8\u8d77\u96f2\u52d5\u5948\u4f55\u5929'],
 'backdate': [u'02-28 19:18'],
 'backtime': [u'58'],
 'clicktime': [u'1267'],
 'title': u'\u8521\u82f1\u6587\u770b\u8fc7\u6765\uff1a\u54e5\u624b\u628a\u624b\u6559\u4f60\u641e\u597d\u53f0\u6e7e\u7ecf\u6d4e'}
Traceback (most recent call last):
  File "C:\Python27\lib\site-packages\twisted\internet\defer.py", line 588, in _runCallbacks
    current.result = callback(current.result, *args, **kw)
  File "build\bdist.win-amd64\egg\tianya\pipelines.py", line 23, in process_item
UnicodeEncodeError: 'ascii' codec can't encode characters in position 0-18: ordinal not in range(128)
2016-02-28 19:21:16 [tianya_spider] INFO: 已经到头了!
2016-02-28 19:21:16 [scrapy] ERROR: Error processing {'author': [u'\u60f3\u8d77\u4f60\u751c\u751c\u7684\u7b11'],
 'backdate': [u'02-28 19:18'],
 'backtime': [u'111'],
 'clicktime': [u'4060'],
 'title': u'\u51ed\u76f4\u89c9\u9009\u51fa\u51e0\u53f7\u8f6c\u8fc7\u6765\u6700\u6f02\u4eae\u3002\u3002\u3002\u3002\u3002\u3002'}
Traceback (most recent call last):
  File "C:\Python27\lib\site-packages\twisted\internet\defer.py", line 588, in _runCallbacks
    current.result = callback(current.result, *args, **kw)
  File "build\bdist.win-amd64\egg\tianya\pipelines.py", line 23, in process_item
UnicodeEncodeError: 'ascii' codec can't encode characters in position 0-18: ordinal not in range(128)
2016-02-28 19:21:16 [tianya_spider] INFO: 已经到头了!
2016-02-28 19:21:16 [scrapy] ERROR: Error processing {'author': [u'\u597d\u597d\u904e'],
 'backdate': [u'02-28 19:18'],
 'backtime': [u'3'],
 'clicktime': [u'13'],
 'title': u'\u5fae\u535a\u61c9\u8a72\u5be6\u540d\u5236~'}
Traceback (most recent call last):
  File "C:\Python27\lib\site-packages\twisted\internet\defer.py", line 588, in _runCallbacks
    current.result = callback(current.result, *args, **kw)
  File "build\bdist.win-amd64\egg\tianya\pipelines.py", line 23, in process_item
UnicodeEncodeError: 'ascii' codec can't encode characters in position 0-6: ordinal not in range(128)
2016-02-28 19:21:16 [tianya_spider] INFO: 已经到头了!
2016-02-28 19:21:16 [scrapy] ERROR: Error processing {'author': [u'joyhaha168'],
 'backdate': [u'02-28 19:18'],
 'backtime': [u'87'],
 'clicktime': [u'2143'],
 'title': u'\u4e2d\u56fd\u8981\u65ad\u5b50\u7edd\u5b59\u5417\uff1f\u5230\u5904\u90fd\u662f\u8f6c\u57fa\u56e0\uff01\u653f\u5e9c\u5728\u5e72\u4ec0\u4e48\uff1f\uff1f\uff1f'}
Traceback (most recent call last):
  File "C:\Python27\lib\site-packages\twisted\internet\defer.py", line 588, in _runCallbacks
    current.result = callback(current.result, *args, **kw)
  File "build\bdist.win-amd64\egg\tianya\pipelines.py", line 23, in process_item
UnicodeEncodeError: 'ascii' codec can't encode characters in position 0-25: ordinal not in range(128)
2016-02-28 19:21:16 [tianya_spider] INFO: 已经到头了!
2016-02-28 19:21:16 [scrapy] ERROR: Error processing {'author': [u'\u88f8\u5954\u5f97\u8682\u8681'],
 'backdate': [u'02-28 19:18'],
 'backtime': [u'99'],
 'clicktime': [u'2763'],
 'title': u'\u4efb\u5927\u70ae\u7684\u5fae\u535a\u88ab\u5173\u95ed\u4e86'}
Traceback (most recent call last):
  File "C:\Python27\lib\site-packages\twisted\internet\defer.py", line 588, in _runCallbacks
    current.result = callback(current.result, *args, **kw)
  File "build\bdist.win-amd64\egg\tianya\pipelines.py", line 23, in process_item
UnicodeEncodeError: 'ascii' codec can't encode characters in position 0-9: ordinal not in range(128)
2016-02-28 19:21:16 [tianya_spider] INFO: 已经到头了!
2016-02-28 19:21:16 [scrapy] DEBUG: Scraped from <200 http://bbs.tianya.cn/list-333-1.shtml>
{'author': [u'\u516b\u5366\u5947\u8c08'],
 'backdate': [u'02-28 19:18'],
 'backtime': [u'89'],
 'clicktime': [u'3711'],
 'title': u''}
2016-02-28 19:21:16 [tianya_spider] INFO: 已经到头了!
2016-02-28 19:21:16 [scrapy] ERROR: Error processing {'author': [u'\u767d\u4e91BE'],
 'backdate': [u'02-28 19:18'],
 'backtime': [u'28'],
 'clicktime': [u'1385'],
 'title': u'\u5f53\u6211\u4eec\u5728\u62fc\u6b7b\u4fdd\u536b\u5357\u6d77\u7684\u65f6\u5019\uff0c\u5f2f\u5f2f\u4f60\u4eec\u4e3a\u4ec0\u4e48\u8981\u628a\u4e2d\u4e1a\u5c9b\u62f1\u624b\u9001\u7ed9\u83f2\u5f8b\u5bbe'}
Traceback (most recent call last):
  File "C:\Python27\lib\site-packages\twisted\internet\defer.py", line 588, in _runCallbacks
    current.result = callback(current.result, *args, **kw)
  File "build\bdist.win-amd64\egg\tianya\pipelines.py", line 23, in process_item
UnicodeEncodeError: 'ascii' codec can't encode characters in position 0-32: ordinal not in range(128)
2016-02-28 19:21:16 [tianya_spider] INFO: 已经到头了!
2016-02-28 19:21:16 [scrapy] ERROR: Error processing {'author': [u'\u590f\u96e8\u51ac\u7720'],
 'backdate': [u'02-28 19:18'],
 'backtime': [u'14'],
 'clicktime': [u'326'],
 'title': u'\u70c2\u5267\u300a\u4e0a\u763e\u300b\u4e0b\u67b6\u662f\u62e8\u4e71\u53cd\u6b63\uff0c\u6211\u8fde\u53cc\u811a\u90fd\u4e3e\u8d77\u6765\u8d5e\u6210\u3002'}
Traceback (most recent call last):
  File "C:\Python27\lib\site-packages\twisted\internet\defer.py", line 588, in _runCallbacks
    current.result = callback(current.result, *args, **kw)
  File "build\bdist.win-amd64\egg\tianya\pipelines.py", line 23, in process_item
UnicodeEncodeError: 'ascii' codec can't encode characters in position 0-24: ordinal not in range(128)
2016-02-28 19:21:16 [tianya_spider] INFO: 已经到头了!
2016-02-28 19:21:16 [scrapy] ERROR: Error processing {'author': [u'\u571f\u8c46\u8b66\u957f'],
 'backdate': [u'02-28 19:18'],
 'backtime': [u'42'],
 'clicktime': [u'870'],
 'title': u'\u8ba9\u6211\u6293\u5230\u73b0\u884c\u5c31\u4e0d\u597d\u610f\u601d\u4e86\uff0c\u518d\u6740\u4e00\u4e2a\u796d\u65d7\uff0c@\u5927\u540d\u9f0e\u9f0e2016'}
Traceback (most recent call last):
  File "C:\Python27\lib\site-packages\twisted\internet\defer.py", line 588, in _runCallbacks
    current.result = callback(current.result, *args, **kw)
  File "build\bdist.win-amd64\egg\tianya\pipelines.py", line 23, in process_item
UnicodeEncodeError: 'ascii' codec can't encode characters in position 0-19: ordinal not in range(128)
2016-02-28 19:21:16 [tianya_spider] INFO: 已经到头了!
2016-02-28 19:21:16 [scrapy] ERROR: Error processing {'author': [u'\u8d30\u6076\u5df4'],
 'backdate': [u'02-28 19:18'],
 'backtime': [u'14'],
 'clicktime': [u'895'],
 'title': u'\u674e\u6556\uff1a\u4e8c\u4e8c\u516b\u4e0d\u662f\u5916\u7701\u4eba\u7684\u539f\u7f6a\u2014\u2014\u771f\u76f8\u662f\u53f0\u6e7e\u4eba\u5148\u6740\u5916\u7701\u4eba\uff0c\u6700\u540e\u88ab\u53cd\u6740(\u8f6c\u8f7d)'}
Traceback (most recent call last):
  File "C:\Python27\lib\site-packages\twisted\internet\defer.py", line 588, in _runCallbacks
    current.result = callback(current.result, *args, **kw)
  File "build\bdist.win-amd64\egg\tianya\pipelines.py", line 23, in process_item
UnicodeEncodeError: 'ascii' codec can't encode characters in position 0-32: ordinal not in range(128)
2016-02-28 19:21:16 [tianya_spider] INFO: 已经到头了!
2016-02-28 19:21:16 [scrapy] ERROR: Error processing {'author': [u'\u82d2\u5b9d\u5b9d177'],
 'backdate': [u'02-28 19:18'],
 'backtime': [u'75'],
 'clicktime': [u'2001'],
 'title': u'\u4e5f\u8bb8\uff0c\uff0c\u8521\u82f1\u6587\u771f\u7684\u548c\u6c11\u8fdb\u515a\u4e0d\u4e00\u6837\uff01\uff01\uff01\uff01'}
Traceback (most recent call last):
  File "C:\Python27\lib\site-packages\twisted\internet\defer.py", line 588, in _runCallbacks
    current.result = callback(current.result, *args, **kw)
  File "build\bdist.win-amd64\egg\tianya\pipelines.py", line 23, in process_item
UnicodeEncodeError: 'ascii' codec can't encode characters in position 0-19: ordinal not in range(128)
2016-02-28 19:21:16 [tianya_spider] INFO: 已经到头了!
2016-02-28 19:21:16 [scrapy] ERROR: Error processing {'author': [u'\u6cf0\u62d4\u76f4'],
 'backdate': [u'02-28 19:17'],
 'backtime': [u'16'],
 'clicktime': [u'1724'],
 'title': u'\u56fc\u6e7e\u4eba\u96c6\u4f53\u5413\u5c3f\u88e4 \u5916\u5a92\u79f0\u4e2d\u56fd\u6b63\u8c03\u6574\u6838\u6b66\u5e93 \u8fdb\u5165\u5907\u6218\u6a21\u5f0f'}
Traceback (most recent call last):
  File "C:\Python27\lib\site-packages\twisted\internet\defer.py", line 588, in _runCallbacks
    current.result = callback(current.result, *args, **kw)
  File "build\bdist.win-amd64\egg\tianya\pipelines.py", line 23, in process_item
UnicodeEncodeError: 'ascii' codec can't encode characters in position 0-7: ordinal not in range(128)
2016-02-28 19:21:16 [tianya_spider] INFO: 已经到头了!
2016-02-28 19:21:16 [scrapy] ERROR: Error processing {'author': [u'\u5c0f\u82f1\u4e09\u6253\u767d\u9aa8\u7cbe'],
 'backdate': [u'02-28 19:17'],
 'backtime': [u'27'],
 'clicktime': [u'1259'],
 'title': u'\u5c0f\u65f6\u5019\u89c9\u5f97\u603b\u88c1\u633a\u62c9\u98ce\u7684\uff0c\u603b\u88c1\u624b\u8c15\uff01\uff01\u7acb\u6b63\uff0c\u5a18\u5e0c\u5339'}
Traceback (most recent call last):
  File "C:\Python27\lib\site-packages\twisted\internet\defer.py", line 588, in _runCallbacks
    current.result = callback(current.result, *args, **kw)
  File "build\bdist.win-amd64\egg\tianya\pipelines.py", line 23, in process_item
UnicodeEncodeError: 'ascii' codec can't encode characters in position 0-23: ordinal not in range(128)
2016-02-28 19:21:16 [tianya_spider] INFO: 已经到头了!
2016-02-28 19:21:16 [scrapy] ERROR: Error processing {'author': [u'\u4e91\u6e38\u6563\u4ebaa'],
 'backdate': [u'02-28 19:17'],
 'backtime': [u'27'],
 'clicktime': [u'368'],
 'title': u'\u53f0\u6e7e\u7edf\u72ec\u95ee\u9898\u4e0e\u53f0\u6e7e\u95ee\u9898\u672a\u6765\u7684\u5fc5\u7136,\u8bba\u53f0\u6e7e,\u4e4c\u514b\u5170,\u683c\u9c81\u5409\u4e9a\u76f8\u4f3c\u4e0e\u533a\u522b'}
Traceback (most recent call last):
  File "C:\Python27\lib\site-packages\twisted\internet\defer.py", line 588, in _runCallbacks
    current.result = callback(current.result, *args, **kw)
  File "build\bdist.win-amd64\egg\tianya\pipelines.py", line 23, in process_item
UnicodeEncodeError: 'ascii' codec can't encode characters in position 0-15: ordinal not in range(128)
2016-02-28 19:21:16 [tianya_spider] INFO: 已经到头了!
2016-02-28 19:21:16 [scrapy] ERROR: Error processing {'author': [u'\u9999\u8549\u5df4\u8fa3'],
 'backdate': [u'02-28 19:17'],
 'backtime': [u'2'],
 'clicktime': [u'15'],
 'title': u'\u516c\u77e5\u7f8e\u5206\uff0c\u4f60\u53c8\u4e0d\u662f\u515a\u5458\uff0c\u66ff\u4efb\u5927\u70ae\u778e\u8d77\u4ec0\u4e48\u54c4,\u8bc1\u660e\u4f60\u65e0\u77e5\u8fd8\u662f\u4ec0\u4e48\uff1f'}
Traceback (most recent call last):
  File "C:\Python27\lib\site-packages\twisted\internet\defer.py", line 588, in _runCallbacks
    current.result = callback(current.result, *args, **kw)
  File "build\bdist.win-amd64\egg\tianya\pipelines.py", line 23, in process_item
UnicodeEncodeError: 'ascii' codec can't encode characters in position 0-20: ordinal not in range(128)
2016-02-28 19:21:16 [tianya_spider] INFO: 已经到头了!
2016-02-28 19:21:16 [scrapy] ERROR: Error processing {'author': [u'\u661f\u671f\u5929\u7761\u89c9'],
 'backdate': [u'02-28 19:17'],
 'backtime': [u'138'],
 'clicktime': [u'13099'],
 'title': u'\u770b\u4e86BBC\u7684\u7eaa\u5f55\u7247\uff0c\u7ec8\u4e8e\u77e5\u9053\u4e3a\u4ec0\u4e48\u4e2d\u56fd\u4eba\u88ab\u4eba\u770b\u4e0d\u8d77\u4e86'}
Traceback (most recent call last):
  File "C:\Python27\lib\site-packages\twisted\internet\defer.py", line 588, in _runCallbacks
    current.result = callback(current.result, *args, **kw)
  File "build\bdist.win-amd64\egg\tianya\pipelines.py", line 23, in process_item
UnicodeEncodeError: 'ascii' codec can't encode characters in position 0-1: ordinal not in range(128)
2016-02-28 19:21:16 [tianya_spider] INFO: 已经到头了!
2016-02-28 19:21:16 [scrapy] ERROR: Error processing {'author': [u'\u65e0\u6094\u4e4b\u7f6a'],
 'backdate': [u'02-28 19:17'],
 'backtime': [u'7'],
 'clicktime': [u'361'],
 'title': u'\u201c\u4e8c\u4e8c\u516b\u201d\u5386\u53f2\u6158\u6848\uff0c\u4e0d\u80fd\u201c\u53ea\u8bb2\u4e86\u4e00\u534a\u201d'}
Traceback (most recent call last):
  File "C:\Python27\lib\site-packages\twisted\internet\defer.py", line 588, in _runCallbacks
    current.result = callback(current.result, *args, **kw)
  File "build\bdist.win-amd64\egg\tianya\pipelines.py", line 23, in process_item
UnicodeEncodeError: 'ascii' codec can't encode characters in position 0-18: ordinal not in range(128)
2016-02-28 19:21:16 [tianya_spider] INFO: 已经到头了!
2016-02-28 19:21:16 [scrapy] ERROR: Error processing {'author': [u'\u5c18\u4e16\u672c\u5fc3'],
 'backdate': [u'02-28 19:17'],
 'backtime': [u'126'],
 'clicktime': [u'3971'],
 'title': u'228\u524d\u5915\uff0c\u5168\u7701\u5404\u5927\u5b78\u8523\u516c\u9285\u50cf(\u8f6c\u8f7d)'}
Traceback (most recent call last):
  File "C:\Python27\lib\site-packages\twisted\internet\defer.py", line 588, in _runCallbacks
    current.result = callback(current.result, *args, **kw)
  File "build\bdist.win-amd64\egg\tianya\pipelines.py", line 23, in process_item
UnicodeEncodeError: 'ascii' codec can't encode characters in position 3-14: ordinal not in range(128)
2016-02-28 19:21:16 [tianya_spider] INFO: 已经到头了!
2016-02-28 19:21:16 [scrapy] ERROR: Error processing {'author': [u'\u8001\u5b50\u662f\u5bcc\u4e8c\u4ee3'],
 'backdate': [u'02-28 19:16'],
 'backtime': [u'39'],
 'clicktime': [u'754'],
 'title': u'\u53d1\u4e2a\u5403\u7684\uff01\u987a\u4fbf\u804a\u804a\u6211\u4eec\u56fd\u5bb6\u7684\u516c\u5395\u5efa\u8bbe\u95ee\u9898\uff01'}
Traceback (most recent call last):
  File "C:\Python27\lib\site-packages\twisted\internet\defer.py", line 588, in _runCallbacks
    current.result = callback(current.result, *args, **kw)
  File "build\bdist.win-amd64\egg\tianya\pipelines.py", line 23, in process_item
UnicodeEncodeError: 'ascii' codec can't encode characters in position 0-20: ordinal not in range(128)
2016-02-28 19:21:16 [tianya_spider] INFO: 已经到头了!
2016-02-28 19:21:16 [scrapy] ERROR: Error processing {'author': [u'\u65b0\u7af9\u5c0f\u9a37\u5a18'],
 'backdate': [u'02-28 19:16'],
 'backtime': [u'36'],
 'clicktime': [u'1122'],
 'title': u'\u6211\u4f86\u544a\u8a34\u5927\u5bb6\u600e\u9ebc\u5c0d\u4ed8\u8521\u82f1\u6587'}
Traceback (most recent call last):
  File "C:\Python27\lib\site-packages\twisted\internet\defer.py", line 588, in _runCallbacks
    current.result = callback(current.result, *args, **kw)
  File "build\bdist.win-amd64\egg\tianya\pipelines.py", line 23, in process_item
UnicodeEncodeError: 'ascii' codec can't encode characters in position 0-12: ordinal not in range(128)
2016-02-28 19:21:16 [tianya_spider] INFO: 已经到头了!
2016-02-28 19:21:16 [scrapy] ERROR: Error processing {'author': [u'\u5c0f_\u5149_\u68cd2'],
 'backdate': [u'02-28 19:16'],
 'backtime': [u'66'],
 'clicktime': [u'837'],
 'title': u'\u6211\u7684\u76ee\u6807\u5c31\u662f\u52aa\u529b\u6323\u94b1\u7136\u540e\u79fb\u6c11  \u8ba9\u5b50\u5b59\u540e\u4ee3\u4e0d\u518d\u88ab\u5220\u5e16'}
Traceback (most recent call last):
  File "C:\Python27\lib\site-packages\twisted\internet\defer.py", line 588, in _runCallbacks
    current.result = callback(current.result, *args, **kw)
  File "build\bdist.win-amd64\egg\tianya\pipelines.py", line 23, in process_item
UnicodeEncodeError: 'ascii' codec can't encode characters in position 0-13: ordinal not in range(128)
2016-02-28 19:21:16 [tianya_spider] INFO: 已经到头了!
2016-02-28 19:21:16 [scrapy] ERROR: Error processing {'author': [u'\u9065\u5f15\u6d6e\u4e91'],
 'backdate': [u'02-28 19:16'],
 'backtime': [u'28'],
 'clicktime': [u'2552'],
 'title': u'\u4e0d\u518d\u6b67\u89c6\uff1a\u65e5\u672c\u6027*\u4ea7\u4e1a\u70ed\u70c8\u6b22\u8fce\u4e2d\u56fd\u5ad6*\u5ba2(\u8f6c\u8f7d)'}
Traceback (most recent call last):
  File "C:\Python27\lib\site-packages\twisted\internet\defer.py", line 588, in _runCallbacks
    current.result = callback(current.result, *args, **kw)
  File "build\bdist.win-amd64\egg\tianya\pipelines.py", line 23, in process_item
UnicodeEncodeError: 'ascii' codec can't encode characters in position 0-7: ordinal not in range(128)
2016-02-28 19:21:16 [tianya_spider] INFO: 已经到头了!
2016-02-28 19:21:16 [scrapy] ERROR: Error processing {'author': [u'\u7231\u56fd\u5c11\u597390'],
 'backdate': [u'02-28 19:15'],
 'backtime': [u'28'],
 'clicktime': [u'1737'],
 'title': u'\u5657\u55e4...\u6bd4\u5927\u9646\u5c0f\u5b66\u751f\u8fd8\u4e0d\u5982'}
Traceback (most recent call last):
  File "C:\Python27\lib\site-packages\twisted\internet\defer.py", line 588, in _runCallbacks
    current.result = callback(current.result, *args, **kw)
  File "build\bdist.win-amd64\egg\tianya\pipelines.py", line 23, in process_item
UnicodeEncodeError: 'ascii' codec can't encode characters in position 0-1: ordinal not in range(128)
2016-02-28 19:21:16 [tianya_spider] INFO: 已经到头了!
2016-02-28 19:21:16 [scrapy] ERROR: Error processing {'author': [u'\u5c0f\u53f7\u592a\u591a'],
 'backdate': [u'02-28 19:15'],
 'backtime': [u'1'],
 'clicktime': [u'1'],
 'title': u'32\u5e74\u524d\u76842\u670828\u65e5\uff0c\u6240\u6709\u5927\u9646\u4eba\u8fdb\u6765\u8dea\u62dc'}
Traceback (most recent call last):
  File "C:\Python27\lib\site-packages\twisted\internet\defer.py", line 588, in _runCallbacks
    current.result = callback(current.result, *args, **kw)
  File "build\bdist.win-amd64\egg\tianya\pipelines.py", line 23, in process_item
UnicodeEncodeError: 'ascii' codec can't encode characters in position 2-4: ordinal not in range(128)
2016-02-28 19:21:16 [tianya_spider] INFO: 已经到头了!
2016-02-28 19:21:16 [scrapy] ERROR: Error processing {'author': [u'\u5149\u815a\u5929\u5c0a'],
 'backdate': [u'02-28 19:15'],
 'backtime': [u'11'],
 'clicktime': [u'2846'],
 'title': u'\u6843\u56ed\u673a\u573a\u9891\u6f0f\u96e8\u906d\u5916\u56fd\u5ba2\u5632\u7b11\uff0c\u7eff\u59d4\u5efa\u8bae\u4fee\u7011\u5e03\u906e\u7f9e\uff0c\u81ea\u8be9\u4e16\u754c\u7b2c\u4e00'}
Traceback (most recent call last):
  File "C:\Python27\lib\site-packages\twisted\internet\defer.py", line 588, in _runCallbacks
    current.result = callback(current.result, *args, **kw)
  File "build\bdist.win-amd64\egg\tianya\pipelines.py", line 23, in process_item
UnicodeEncodeError: 'ascii' codec can't encode characters in position 0-29: ordinal not in range(128)
2016-02-28 19:21:16 [tianya_spider] INFO: 已经到头了!
2016-02-28 19:21:16 [scrapy] ERROR: Error processing {'author': [u'\u5c0f\u6eff\u5b50'],
 'backdate': [u'02-28 19:15'],
 'backtime': [u'63'],
 'clicktime': [u'2272'],
 'title': u'\u81ea\u5df1\u7684\u848b\u516c\u81ea\u5df1\u6d17'}
Traceback (most recent call last):
  File "C:\Python27\lib\site-packages\twisted\internet\defer.py", line 588, in _runCallbacks
    current.result = callback(current.result, *args, **kw)
  File "build\bdist.win-amd64\egg\tianya\pipelines.py", line 23, in process_item
UnicodeEncodeError: 'ascii' codec can't encode characters in position 0-7: ordinal not in range(128)
2016-02-28 19:21:16 [tianya_spider] INFO: 已经到头了!
2016-02-28 19:21:16 [scrapy] ERROR: Error processing {'author': [u'\u6d2a\u78ca\u724c\u8907\u8b80\u6a5f'],
 'backdate': [u'02-28 19:15'],
 'backtime': [u'58'],
 'clicktime': [u'4047'],
 'title': u'\u6700\u8fd1\u7f8e\u570b\u5a1b\u6a02\u5f71\u8996\u696d\uff0c\u4e2d\u570b\u5143\u7d20\u8d8a\u4f86\u8d8a\u591a'}
Traceback (most recent call last):
  File "C:\Python27\lib\site-packages\twisted\internet\defer.py", line 588, in _runCallbacks
    current.result = callback(current.result, *args, **kw)
  File "build\bdist.win-amd64\egg\tianya\pipelines.py", line 23, in process_item
UnicodeEncodeError: 'ascii' codec can't encode characters in position 0-17: ordinal not in range(128)
2016-02-28 19:21:16 [tianya_spider] INFO: 已经到头了!
2016-02-28 19:21:16 [scrapy] ERROR: Error processing {'author': [u'\u98ce\u5c18\u4e4b\u5bb688'],
 'backdate': [u'02-28 19:15'],
 'backtime': [u'30'],
 'clicktime': [u'449'],
 'title': u'\u5728\u5927\u89c4\u6a21\u7684\u79c1\u6709\u5236\u516c\u53f8\u4e2d\uff0c\u662f\u8001\u677f\u5927\uff0c\u8fd8\u662f\u516c\u53f8\u5236\u5ea6\u5927\uff1f'}
Traceback (most recent call last):
  File "C:\Python27\lib\site-packages\twisted\internet\defer.py", line 588, in _runCallbacks
    current.result = callback(current.result, *args, **kw)
  File "build\bdist.win-amd64\egg\tianya\pipelines.py", line 23, in process_item
UnicodeEncodeError: 'ascii' codec can't encode characters in position 0-24: ordinal not in range(128)
2016-02-28 19:21:16 [tianya_spider] INFO: 已经到头了!
2016-02-28 19:21:16 [scrapy] ERROR: Error processing {'author': [u'\u4e24\u5cb8\u4e8c\u54e5'],
 'backdate': [u'02-28 19:15'],
 'backtime': [u'36'],
 'clicktime': [u'2556'],
 'title': u'\u6211\u662f\u53f0\u6e7e\u4eba\uff0c\u5f88\u559c\u6b22\u5927\u9646\u7b80\u4f53\u5b57'}
Traceback (most recent call last):
  File "C:\Python27\lib\site-packages\twisted\internet\defer.py", line 588, in _runCallbacks
    current.result = callback(current.result, *args, **kw)
  File "build\bdist.win-amd64\egg\tianya\pipelines.py", line 23, in process_item
UnicodeEncodeError: 'ascii' codec can't encode characters in position 0-13: ordinal not in range(128)
2016-02-28 19:21:16 [tianya_spider] INFO: 已经到头了!
2016-02-28 19:21:16 [scrapy] ERROR: Error processing {'author': [u'\u7ea2\u767d\u84dd\u5929'],
 'backdate': [u'02-28 19:15'],
 'backtime': [u'8132'],
 'clicktime': [u'496756'],
 'title': u'\u9009\u4e3e\u671f\u95f4\u6e38\u53f0\u6e7e'}
Traceback (most recent call last):
  File "C:\Python27\lib\site-packages\twisted\internet\defer.py", line 588, in _runCallbacks
    current.result = callback(current.result, *args, **kw)
  File "build\bdist.win-amd64\egg\tianya\pipelines.py", line 23, in process_item
UnicodeEncodeError: 'ascii' codec can't encode characters in position 0-6: ordinal not in range(128)
2016-02-28 19:21:16 [tianya_spider] INFO: 已经到头了!
2016-02-28 19:21:16 [scrapy] ERROR: Error processing {'author': [u'\u5c0f_\u5149_\u68cd2'],
 'backdate': [u'02-28 19:15'],
 'backtime': [u'32'],
 'clicktime': [u'443'],
 'title': u'\u4efb\u5fd7\u5f3a\u8bf4\u7684\u8bdd\u662f\u8fd9\u6837\u7684\uff0c\u54ea\u91cc\u4e0d\u5bf9\u4e86 \u770b\u4e0d\u51fa\u554a'}
Traceback (most recent call last):
  File "C:\Python27\lib\site-packages\twisted\internet\defer.py", line 588, in _runCallbacks
    current.result = callback(current.result, *args, **kw)
  File "build\bdist.win-amd64\egg\tianya\pipelines.py", line 23, in process_item
UnicodeEncodeError: 'ascii' codec can't encode characters in position 0-15: ordinal not in range(128)
2016-02-28 19:21:16 [tianya_spider] INFO: 已经到头了!
2016-02-28 19:21:16 [scrapy] ERROR: Error processing {'author': [u'\u62dc\u62dc\u77ff\u6cc9\u6c34'],
 'backdate': [u'02-28 19:15'],
 'backtime': [u'30'],
 'clicktime': [u'2182'],
 'title': u'\u51ac\u5929\u6765\u4e86\uff0c\u57ce\u90ca\u7684\u6811\u76ae\u8349\u6839\u8d8a\u6765\u8d8a\u96be\u627e\u4e86\uff0c\u53ea\u80fd\u53bb\u5c71\u91cc\u89c5\u98df\u4e86'}
Traceback (most recent call last):
  File "C:\Python27\lib\site-packages\twisted\internet\defer.py", line 588, in _runCallbacks
    current.result = callback(current.result, *args, **kw)
  File "build\bdist.win-amd64\egg\tianya\pipelines.py", line 23, in process_item
UnicodeEncodeError: 'ascii' codec can't encode characters in position 0-26: ordinal not in range(128)
2016-02-28 19:21:16 [tianya_spider] INFO: 已经到头了!
2016-02-28 19:21:16 [scrapy] ERROR: Error processing {'author': [u'\u60f3\u8d77\u4f60\u751c\u751c\u7684\u7b11'],
 'backdate': [u'02-28 19:15'],
 'backtime': [u'28'],
 'clicktime': [u'610'],
 'title': u'\u8fd9\u8089\u600e\u4e48\u5403\uff1f\u80fd\u5403\u5417\uff1f\uff01\uff01\uff01'}
Traceback (most recent call last):
  File "C:\Python27\lib\site-packages\twisted\internet\defer.py", line 588, in _runCallbacks
    current.result = callback(current.result, *args, **kw)
  File "build\bdist.win-amd64\egg\tianya\pipelines.py", line 23, in process_item
UnicodeEncodeError: 'ascii' codec can't encode characters in position 0-12: ordinal not in range(128)
2016-02-28 19:21:16 [tianya_spider] INFO: 已经到头了!
2016-02-28 19:21:16 [scrapy] ERROR: Error processing {'author': [u'\u6cf0\u62d4\u76f4'],
 'backdate': [u'02-28 19:14'],
 'backtime': [u'46'],
 'clicktime': [u'4485'],
 'title': u'\u6211\u662f\u56fc\u6e7e\u4eba  \u4e0b\u8f88\u5b50\u8d85\u60f3\u5f53\u5927\u9646\u4eba'}
Traceback (most recent call last):
  File "C:\Python27\lib\site-packages\twisted\internet\defer.py", line 588, in _runCallbacks
    current.result = callback(current.result, *args, **kw)
  File "build\bdist.win-amd64\egg\tianya\pipelines.py", line 23, in process_item
UnicodeEncodeError: 'ascii' codec can't encode characters in position 0-4: ordinal not in range(128)
2016-02-28 19:21:16 [tianya_spider] INFO: 已经到头了!
2016-02-28 19:21:16 [scrapy] ERROR: Error processing {'author': [u'\u6c83\u723e\u746a\u8001\u95c6\u5a18'],
 'backdate': [u'02-28 19:14'],
 'backtime': [u'64'],
 'clicktime': [u'1619'],
 'title': u'\u5c0f\u5973\u5b50\u6211\u5c0d\u6bdb\u5927\u5927\u7684\u656c\u4ef0\u771f\u7684\u5982\u6ed4\u6ed4\u6c5f\u6c34  \u9023\u7dbf\u4e0d\u7d55'}
Traceback (most recent call last):
  File "C:\Python27\lib\site-packages\twisted\internet\defer.py", line 588, in _runCallbacks
    current.result = callback(current.result, *args, **kw)
  File "build\bdist.win-amd64\egg\tianya\pipelines.py", line 23, in process_item
UnicodeEncodeError: 'ascii' codec can't encode characters in position 0-17: ordinal not in range(128)
2016-02-28 19:21:16 [tianya_spider] INFO: 已经到头了!
2016-02-28 19:21:16 [scrapy] ERROR: Error processing {'author': [u'loy3abc'],
 'backdate': [u'02-28 19:14'],
 'backtime': [u'44'],
 'clicktime': [u'5655'],
 'title': u'\u5434\u5b97\u5baa\u592a\u725b\u903c\u4e86 \u4ed6\u8bf4\u9ec4\u5b89\u8fdf\u65e9\u4f1a\u88ab\u5904\u7406  \u6ca1\u60f3\u5230'}
Traceback (most recent call last):
  File "C:\Python27\lib\site-packages\twisted\internet\defer.py", line 588, in _runCallbacks
    current.result = callback(current.result, *args, **kw)
  File "build\bdist.win-amd64\egg\tianya\pipelines.py", line 23, in process_item
UnicodeEncodeError: 'ascii' codec can't encode characters in position 0-6: ordinal not in range(128)
2016-02-28 19:21:16 [tianya_spider] INFO: 已经到头了!
2016-02-28 19:21:16 [scrapy] ERROR: Error processing {'author': [u'\u7765\u7768\u5929\u4e0b2016'],
 'backdate': [u'02-28 19:13'],
 'backtime': [u'11'],
 'clicktime': [u'211'],
 'title': u'\u53f0\u6e7e\u56de\u5f52\u7956\u56fd\u540e\uff0c\u53f0\u6e7e\u7248\u53cb\u60f3\u5e72\u4ec0\u4e48\uff1f'}
Traceback (most recent call last):
  File "C:\Python27\lib\site-packages\twisted\internet\defer.py", line 588, in _runCallbacks
    current.result = callback(current.result, *args, **kw)
  File "build\bdist.win-amd64\egg\tianya\pipelines.py", line 23, in process_item
UnicodeEncodeError: 'ascii' codec can't encode characters in position 0-16: ordinal not in range(128)
2016-02-28 19:21:16 [tianya_spider] INFO: 已经到头了!
2016-02-28 19:21:16 [scrapy] ERROR: Error processing {'author': [u'\u4e0d\u592a\u75af\u72c2\u7684\u5154\u5b50'],
 'backdate': [u'02-28 19:13'],
 'backtime': [u'59'],
 'clicktime': [u'1524'],
 'title': u'\u201c\u5927\u540d\u9f0e\u9f0e2016\u201d\u5728FB\u6ce8\u518c\u7684\u540d\u5b57\u53eb\u5085\u897f\u6587'}
Traceback (most recent call last):
  File "C:\Python27\lib\site-packages\twisted\internet\defer.py", line 588, in _runCallbacks
    current.result = callback(current.result, *args, **kw)
  File "build\bdist.win-amd64\egg\tianya\pipelines.py", line 23, in process_item
UnicodeEncodeError: 'ascii' codec can't encode characters in position 0-4: ordinal not in range(128)
2016-02-28 19:21:16 [tianya_spider] INFO: 已经到头了!
2016-02-28 19:21:16 [scrapy] ERROR: Error processing {'author': [u'\u968f\u57ce\u5200\u5ba2'],
 'backdate': [u'02-28 19:13'],
 'backtime': [u'21'],
 'clicktime': [u'1667'],
 'title': u'\u521a\u770b\u5230\u8fd9\u4e2a\u8bc4\u8bba\uff0c\u6253\u9ebb\u5c06\u4e5f\u7528\u652f\u4ed8\u5b9d\u4e86\u3002\u771f\u7684\u4e48\uff1f'}
Traceback (most recent call last):
  File "C:\Python27\lib\site-packages\twisted\internet\defer.py", line 588, in _runCallbacks
    current.result = callback(current.result, *args, **kw)
  File "build\bdist.win-amd64\egg\tianya\pipelines.py", line 23, in process_item
UnicodeEncodeError: 'ascii' codec can't encode characters in position 0-21: ordinal not in range(128)
2016-02-28 19:21:16 [tianya_spider] INFO: 已经到头了!
2016-02-28 19:21:16 [scrapy] ERROR: Error processing {'author': [u'\u53f0\u724c\u767d\u773c\u72fc'],
 'backdate': [u'02-28 19:13'],
 'backtime': [u'29'],
 'clicktime': [u'1063'],
 'title': u'\u56fd\u6c11\u515a\u515a\u90e8\u4e1f\u6c7d\u6cb9\u5f39\uff0c\u53f0\u6e7e\u4eba\u600e\u4e48\u770b\uff1f'}
Traceback (most recent call last):
  File "C:\Python27\lib\site-packages\twisted\internet\defer.py", line 588, in _runCallbacks
    current.result = callback(current.result, *args, **kw)
  File "build\bdist.win-amd64\egg\tianya\pipelines.py", line 23, in process_item
UnicodeEncodeError: 'ascii' codec can't encode characters in position 0-16: ordinal not in range(128)
2016-02-28 19:21:16 [tianya_spider] INFO: 已经到头了!
2016-02-28 19:21:16 [scrapy] ERROR: Error processing {'author': [u'\u6cd5\u660e\u5357\u534e'],
 'backdate': [u'02-28 19:13'],
 'backtime': [u'4'],
 'clicktime': [u'93'],
 'title': u'\u4e3a\u5565\u670d\u88c5\u5e97\u7684\u5851\u80f6\u6a21\u578b\u90fd\u662f\u5916\u56fd\u4eba\u7684\u6837\u5b50\uff1f'}
Traceback (most recent call last):
  File "C:\Python27\lib\site-packages\twisted\internet\defer.py", line 588, in _runCallbacks
    current.result = callback(current.result, *args, **kw)
  File "build\bdist.win-amd64\egg\tianya\pipelines.py", line 23, in process_item
UnicodeEncodeError: 'ascii' codec can't encode characters in position 0-18: ordinal not in range(128)
2016-02-28 19:21:16 [tianya_spider] INFO: 已经到头了!
2016-02-28 19:21:16 [scrapy] ERROR: Error processing {'author': [u'\u4e2d\u56fd\u9632\u5f39\u73bb\u7483\u5fc3'],
 'backdate': [u'02-28 19:13'],
 'backtime': [u'39'],
 'clicktime': [u'3316'],
 'title': u'\u7eff\u540d\u5634\u8bf4\u5982\u679c\u9646\u5ba2\u4e0d\u6765\uff0c\u53f0\u6e7e\u5c31\u5bf9\u4e1c\u5357\u4e9a\u5357\u4e9a\u975e\u6d32\u514d\u7b7e\u62db\u63fd\u8d35\u5ba2'}
Traceback (most recent call last):
  File "C:\Python27\lib\site-packages\twisted\internet\defer.py", line 588, in _runCallbacks
    current.result = callback(current.result, *args, **kw)
  File "build\bdist.win-amd64\egg\tianya\pipelines.py", line 23, in process_item
UnicodeEncodeError: 'ascii' codec can't encode characters in position 0-27: ordinal not in range(128)
2016-02-28 19:21:16 [tianya_spider] INFO: 已经到头了!
2016-02-28 19:21:16 [scrapy] ERROR: Error processing {'author': [u'\u6211\u770b\u53f0\u6e7e'],
 'backdate': [u'02-28 19:13'],
 'backtime': [u'351'],
 'clicktime': [u'14268'],
 'title': u'\u4e00\u4e2a\u53f0\u6e7e\u4eba\u53c2\u52a0\u5171\u4ea7\u515a\u6e38\u51fb\u961f\u7684\u5de6\u7edf\u4e4b\u8def\u2014\u2014\u9648\u660e\u5fe0\u8bbf\u8c08\u8bb0\u5f55(\u8f6c\u8f7d)'}
Traceback (most recent call last):
  File "C:\Python27\lib\site-packages\twisted\internet\defer.py", line 588, in _runCallbacks
    current.result = callback(current.result, *args, **kw)
  File "build\bdist.win-amd64\egg\tianya\pipelines.py", line 23, in process_item
UnicodeEncodeError: 'ascii' codec can't encode characters in position 0-26: ordinal not in range(128)
2016-02-28 19:21:16 [tianya_spider] INFO: 已经到头了!
2016-02-28 19:21:16 [scrapy] ERROR: Error processing {'author': [u'\u963f\u79cb\u6d3b\u8766'],
 'backdate': [u'02-28 19:12'],
 'backtime': [u'80'],
 'clicktime': [u'2090'],
 'title': u'\u6211\u986f\u793a\u5361\u662f\u5167\u5efa\u7684,\u770b\u9ad8\u6e05\u9084\u884c!'}
Traceback (most recent call last):
  File "C:\Python27\lib\site-packages\twisted\internet\defer.py", line 588, in _runCallbacks
    current.result = callback(current.result, *args, **kw)
  File "build\bdist.win-amd64\egg\tianya\pipelines.py", line 23, in process_item
UnicodeEncodeError: 'ascii' codec can't encode characters in position 0-7: ordinal not in range(128)
2016-02-28 19:21:16 [tianya_spider] INFO: 已经到头了!
2016-02-28 19:21:16 [scrapy] ERROR: Error processing {'author': [u'\u6f47\u6d12\u7537\u4eba1988'],
 'backdate': [u'02-28 19:12'],
 'backtime': [u'14'],
 'clicktime': [u'1360'],
 'title': u'\u8521\u82f1\u6587\u7684\u7ef4\u6301\u73b0\u72b6\uff1a\u6700\u5927\u53ef\u80fd\uff0c\u6682\u4e14\u9000\u800c\u6c42\u201c\u5baa\u6cd5\u4e00\u4e2d\u201d\uff0c\u4e8b\u5b9e\u4e0a\u7684\u4e24\u56fd\u8bba'}
Traceback (most recent call last):
  File "C:\Python27\lib\site-packages\twisted\internet\defer.py", line 588, in _runCallbacks
    current.result = callback(current.result, *args, **kw)
  File "build\bdist.win-amd64\egg\tianya\pipelines.py", line 23, in process_item
UnicodeEncodeError: 'ascii' codec can't encode characters in position 0-32: ordinal not in range(128)
2016-02-28 19:21:16 [tianya_spider] INFO: 已经到头了!
2016-02-28 19:21:16 [scrapy] ERROR: Error processing {'author': [u'labert'],
 'backdate': [u'02-28 19:12'],
 'backtime': [u'7'],
 'clicktime': [u'881'],
 'title': u'\u67efp\u8aaa\u8b0a\u88ab\u6293\u5230\u4e86\uff01'}
Traceback (most recent call last):
  File "C:\Python27\lib\site-packages\twisted\internet\defer.py", line 588, in _runCallbacks
    current.result = callback(current.result, *args, **kw)
  File "build\bdist.win-amd64\egg\tianya\pipelines.py", line 23, in process_item
UnicodeEncodeError: 'ascii' codec can't encode character u'\u67ef' in position 0: ordinal not in range(128)
2016-02-28 19:21:16 [tianya_spider] INFO: 已经到头了!
2016-02-28 19:21:16 [scrapy] ERROR: Error processing {'author': [u'\u5730\u7403\u8054\u90a6\u519b\u59d4'],
 'backdate': [u'02-28 19:12'],
 'backtime': [u'71'],
 'clicktime': [u'5297'],
 'title': u'\u5feb\u6765\u56f4\u89c2\u7eff\u6bdb\u5728\u63a8\u7279\u4e0a\u7684\u8a00\u8bba\uff0c\u5bf9\u4e8e\u5f2f\u5f2f\u6211\u4e5f\u662f\u9189'}
Traceback (most recent call last):
  File "C:\Python27\lib\site-packages\twisted\internet\defer.py", line 588, in _runCallbacks
    current.result = callback(current.result, *args, **kw)
  File "build\bdist.win-amd64\egg\tianya\pipelines.py", line 23, in process_item
UnicodeEncodeError: 'ascii' codec can't encode characters in position 0-21: ordinal not in range(128)
2016-02-28 19:21:16 [tianya_spider] INFO: 已经到头了!
2016-02-28 19:21:16 [scrapy] ERROR: Error processing {'author': [u'u_108798467'],
 'backdate': [u'02-28 19:12'],
 'backtime': [u'449'],
 'clicktime': [u'12473'],
 'title': u'\u4efb\u5fd7\u5f3a\u4e00\u4e00\u4e00\u4e00\u515a\u6027\u7684\u6cef\u706d\u3001\u4eba\u6027\u7684\u7316\u72c2'}
Traceback (most recent call last):
  File "C:\Python27\lib\site-packages\twisted\internet\defer.py", line 588, in _runCallbacks
    current.result = callback(current.result, *args, **kw)
  File "build\bdist.win-amd64\egg\tianya\pipelines.py", line 23, in process_item
UnicodeEncodeError: 'ascii' codec can't encode characters in position 0-17: ordinal not in range(128)
2016-02-28 19:21:16 [tianya_spider] INFO: 已经到头了!
2016-02-28 19:21:16 [scrapy] ERROR: Error processing {'author': [u'\u6cd5\u660e\u5357\u534e'],
 'backdate': [u'02-28 19:12'],
 'backtime': [u'2'],
 'clicktime': [u'2'],
 'title': u'\u8bf7\u5927\u5bb6\u8bf4\u8bf4\u671d\u97e9\u6700\u65b0\u5c40\u52bf\u548c\u672a\u6765\u8d70\u5411'}
Traceback (most recent call last):
  File "C:\Python27\lib\site-packages\twisted\internet\defer.py", line 588, in _runCallbacks
    current.result = callback(current.result, *args, **kw)
  File "build\bdist.win-amd64\egg\tianya\pipelines.py", line 23, in process_item
UnicodeEncodeError: 'ascii' codec can't encode characters in position 0-15: ordinal not in range(128)
2016-02-28 19:21:16 [tianya_spider] INFO: 已经到头了!
2016-02-28 19:21:16 [scrapy] ERROR: Error processing {'author': [u'\u534e\u590f\u6c11\u65cf\u9b42'],
 'backdate': [u'02-28 19:11'],
 'backtime': [u'23'],
 'clicktime': [u'347'],
 'title': u'\u4efb\u5fd7\u5f3a\u516c\u7136\u85d0\u89c6\u6cd5\u5f8b\uff0c\u53ea\u5c01\u4ed6\u793e\u4ea4\u5e10\u53f7\u592a\u8f7b\u4e86\uff0c\u5e94\u8be5\u8ba9\u4ed6\u53bb\u76d1\u72f1\u5446\u4e0a\u51e0\u4e2a\u6708'}
Traceback (most recent call last):
  File "C:\Python27\lib\site-packages\twisted\internet\defer.py", line 588, in _runCallbacks
    current.result = callback(current.result, *args, **kw)
  File "build\bdist.win-amd64\egg\tianya\pipelines.py", line 23, in process_item
UnicodeEncodeError: 'ascii' codec can't encode characters in position 0-32: ordinal not in range(128)
2016-02-28 19:21:16 [tianya_spider] INFO: 已经到头了!
2016-02-28 19:21:16 [scrapy] ERROR: Error processing {'author': [u'\u541b\u706b\u53f8\u59292016'],
 'backdate': [u'02-28 19:11'],
 'backtime': [u'52'],
 'clicktime': [u'1010'],
 'title': u'\u5c0f\u5f1f\u6cd5\u76f2\uff0c\u8bf7\u6559\u4e00\u4e0b\uff0c\u4efb\u5fd7\u5f3a\u8fdd\u53cd\u4ec0\u4e48\u6cd5\u4e86\uff1f\u8c01\u6307\u5bfc\u4e0b'}
Traceback (most recent call last):
  File "C:\Python27\lib\site-packages\twisted\internet\defer.py", line 588, in _runCallbacks
    current.result = callback(current.result, *args, **kw)
  File "build\bdist.win-amd64\egg\tianya\pipelines.py", line 23, in process_item
UnicodeEncodeError: 'ascii' codec can't encode characters in position 0-23: ordinal not in range(128)
2016-02-28 19:21:16 [tianya_spider] INFO: 已经到头了!
2016-02-28 19:21:16 [scrapy] ERROR: Error processing {'author': [u'u_108723887'],
 'backdate': [u'02-28 19:11'],
 'backtime': [u'31'],
 'clicktime': [u'1180'],
 'title': u'\u53f0\u6e7e\u6709\u4e00\u534a\u5bb6\u5ead\u5e74\u6536\u5165\u8fde20\u4e07\u4eba\u6c11\u5e01\u90fd\u4e0d\u5230\uff0c\u597d\u7a77\u5594'}
Traceback (most recent call last):
  File "C:\Python27\lib\site-packages\twisted\internet\defer.py", line 588, in _runCallbacks
    current.result = callback(current.result, *args, **kw)
  File "build\bdist.win-amd64\egg\tianya\pipelines.py", line 23, in process_item
UnicodeEncodeError: 'ascii' codec can't encode characters in position 0-10: ordinal not in range(128)
2016-02-28 19:21:16 [tianya_spider] INFO: 已经到头了!
2016-02-28 19:21:16 [scrapy] ERROR: Error processing {'author': [u'\u541b\u706b\u53f8\u59292016'],
 'backdate': [u'02-28 19:11'],
 'backtime': [u'33'],
 'clicktime': [u'564'],
 'title': u'\u8bf7\u6559\uff1a\u4efb\u5fd7\u5f3a\u5982\u679c\u884c\u8d3f\u5c31\u5e94\u5224\u5211\uff0c\u5982\u679c\u8fdd\u7eaa\u5c31\u5e94\u5f00\u9664\u515a\u7c4d\uff0c\u5c01\u53f7\u662f\u4e2a\u4ec0\u4e48\u610f\u601d'}
Traceback (most recent call last):
  File "C:\Python27\lib\site-packages\twisted\internet\defer.py", line 588, in _runCallbacks
    current.result = callback(current.result, *args, **kw)
  File "build\bdist.win-amd64\egg\tianya\pipelines.py", line 23, in process_item
UnicodeEncodeError: 'ascii' codec can't encode characters in position 0-33: ordinal not in range(128)
2016-02-28 19:21:16 [tianya_spider] INFO: 已经到头了!
2016-02-28 19:21:16 [scrapy] ERROR: Error processing {'author': [u'\u94c1\u9a91\u7ea2\u5dfe'],
 'backdate': [u'02-28 19:11'],
 'backtime': [u'1'],
 'clicktime': [u'61'],
 'title': u'\u53f0\u6e7e\u753b\u5bb6\u5e2d\u6155\u5bb9\uff0c\u610f\u5927\u5229\u7537\u5b69(\u8f6c\u8f7d)'}
Traceback (most recent call last):
  File "C:\Python27\lib\site-packages\twisted\internet\defer.py", line 588, in _runCallbacks
    current.result = callback(current.result, *args, **kw)
  File "build\bdist.win-amd64\egg\tianya\pipelines.py", line 23, in process_item
UnicodeEncodeError: 'ascii' codec can't encode characters in position 0-12: ordinal not in range(128)
2016-02-28 19:21:16 [tianya_spider] INFO: 已经到头了!
2016-02-28 19:21:16 [scrapy] ERROR: Error processing {'author': [u'tuotuosiji'],
 'backdate': [u'02-28 19:10'],
 'backtime': [u'1'],
 'clicktime': [u'267'],
 'title': u'\u4efb\u5fd7\u5f3a\u51fa\u4e8b\u4e86\u5417.......'}
Traceback (most recent call last):
  File "C:\Python27\lib\site-packages\twisted\internet\defer.py", line 588, in _runCallbacks
    current.result = callback(current.result, *args, **kw)
  File "build\bdist.win-amd64\egg\tianya\pipelines.py", line 23, in process_item
UnicodeEncodeError: 'ascii' codec can't encode characters in position 0-6: ordinal not in range(128)
2016-02-28 19:21:16 [tianya_spider] INFO: 已经到头了!
2016-02-28 19:21:16 [scrapy] ERROR: Error processing {'author': [u'\u5c0f\u5c0f\u5c0f\u53ef\u53ef\u53ef'],
 'backdate': [u'02-28 19:10'],
 'backtime': [u'58'],
 'clicktime': [u'1992'],
 'title': u'\u4ec0\u9ebc\u53eb\u570b\u5c0f\u570b\u4e2d\u9ad8\u4e2d'}
Traceback (most recent call last):
  File "C:\Python27\lib\site-packages\twisted\internet\defer.py", line 588, in _runCallbacks
    current.result = callback(current.result, *args, **kw)
  File "build\bdist.win-amd64\egg\tianya\pipelines.py", line 23, in process_item
UnicodeEncodeError: 'ascii' codec can't encode characters in position 0-8: ordinal not in range(128)
2016-02-28 19:21:16 [tianya_spider] INFO: 已经到头了!
2016-02-28 19:21:16 [scrapy] INFO: Closing spider (finished)
2016-02-28 19:21:16 [scrapy] INFO: Stored jsonlines feed (3 items) in: file:///C:/Users/LY/PycharmProjects/tianya/items/tianya/tianya_spider/5fed3370de0d11e5b2a50c8bfd4c4f2c.jl
2016-02-28 19:21:16 [scrapy] INFO: Dumping Scrapy stats:
{'downloader/request_bytes': 227,
 'downloader/request_count': 1,
 'downloader/request_method_count/GET': 1,
 'downloader/response_bytes': 16793,
 'downloader/response_count': 1,
 'downloader/response_status_count/200': 1,
 'finish_reason': 'finished',
 'finish_time': datetime.datetime(2016, 2, 28, 11, 21, 16, 879000),
 'item_scraped_count': 3,
 'log_count/DEBUG': 5,
 'log_count/ERROR': 78,
 'log_count/INFO': 89,
 'response_received_count': 1,
 'scheduler/dequeued': 1,
 'scheduler/dequeued/memory': 1,
 'scheduler/enqueued': 1,
 'scheduler/enqueued/memory': 1,
 'start_time': datetime.datetime(2016, 2, 28, 11, 21, 16, 268000)}
2016-02-28 19:21:16 [scrapy] INFO: Spider closed (finished)
